[25-Aug-2018 18:09:05] NOTICE: fpm is running, pid 16
[25-Aug-2018 18:09:05] NOTICE: ready to handle connections
[31-Aug-2018 21:22:09] NOTICE: fpm is running, pid 35
[31-Aug-2018 21:22:09] NOTICE: ready to handle connections
[03-Sep-2018 23:21:26] NOTICE: fpm is running, pid 35
[03-Sep-2018 23:21:26] NOTICE: ready to handle connections
[06-Sep-2018 00:57:59] NOTICE: fpm is running, pid 34
[06-Sep-2018 00:57:59] NOTICE: ready to handle connections
[07-Sep-2018 01:56:05] NOTICE: fpm is running, pid 35
[07-Sep-2018 01:56:05] NOTICE: ready to handle connections
[08-Sep-2018 17:08:00] NOTICE: fpm is running, pid 36
[08-Sep-2018 17:08:00] NOTICE: ready to handle connections
[08-Sep-2018 20:50:46] NOTICE: Terminating ...
[08-Sep-2018 20:50:46] NOTICE: exiting, bye-bye!
[09-Sep-2018 01:03:55] NOTICE: fpm is running, pid 35
[09-Sep-2018 01:03:55] NOTICE: ready to handle connections
[09-Sep-2018 01:59:36] NOTICE: Terminating ...
[09-Sep-2018 01:59:36] NOTICE: exiting, bye-bye!
[09-Sep-2018 17:17:31] NOTICE: fpm is running, pid 34
[09-Sep-2018 17:17:31] NOTICE: ready to handle connections
[11-Sep-2018 21:15:18] NOTICE: Terminating ...
[11-Sep-2018 21:15:18] NOTICE: exiting, bye-bye!
[16-Sep-2018 20:40:49] NOTICE: fpm is running, pid 34
[16-Sep-2018 20:40:49] NOTICE: ready to handle connections
[20-Sep-2018 15:40:11] NOTICE: fpm is running, pid 34
[20-Sep-2018 15:40:11] NOTICE: ready to handle connections
[24-Sep-2018 16:38:55] NOTICE: fpm is running, pid 36
[24-Sep-2018 16:38:55] NOTICE: ready to handle connections
[30-Sep-2018 06:51:01] NOTICE: fpm is running, pid 37
[30-Sep-2018 06:51:01] NOTICE: ready to handle connections
[02-Oct-2018 01:06:27] NOTICE: fpm is running, pid 35
[02-Oct-2018 01:06:27] NOTICE: ready to handle connections
